-encoding
UTF-8
-outxml
-source
1.6
-target
1.6
-classpath
/home/acascante/.m2/repository/junit/junit/4.11/junit-4.11.jar:/home/acascante/.m2/repository/log4j/log4j/1.2.17/log4j-1.2.17.jar:/home/acascante/.m2/repository/org/slf4j/slf4j-api/1.7.5/slf4j-api-1.7.5.jar:/home/acascante/.m2/repository/org/slf4j/jcl-over-slf4j/1.7.5/jcl-over-slf4j-1.7.5.jar:/home/acascante/.m2/repository/org/slf4j/slf4j-log4j12/1.7.5/slf4j-log4j12-1.7.5.jar:/home/acascante/.m2/repository/org/aspectj/aspectjrt/1.8.1/aspectjrt-1.8.1.jar:/home/acascante/.m2/repository/org/aspectj/aspectjweaver/1.8.1/aspectjweaver-1.8.1.jar:/home/acascante/.m2/repository/javax/servlet/servlet-api/2.5/servlet-api-2.5.jar:/home/acascante/.m2/repository/net/sf/flexjson/flexjson/2.1/flexjson-2.1.jar:/home/acascante/.m2/repository/org/apache/commons/commons-lang3/3.1/commons-lang3-3.1.jar:/home/acascante/.m2/repository/org/springframework/roo/org.springframework.roo.annotations/1.3.1.RC1/org.springframework.roo.annotations-1.3.1.RC1.jar:/home/acascante/.m2/repository/org/springframework/spring-core/3.2.6.RELEASE/spring-core-3.2.6.RELEASE.jar:/home/acascante/.m2/repository/org/springframework/spring-test/3.2.6.RELEASE/spring-test-3.2.6.RELEASE.jar:/home/acascante/.m2/repository/org/springframework/spring-context/3.2.6.RELEASE/spring-context-3.2.6.RELEASE.jar:/home/acascante/.m2/repository/org/springframework/spring-aop/3.2.6.RELEASE/spring-aop-3.2.6.RELEASE.jar:/home/acascante/.m2/repository/org/springframework/spring-aspects/3.2.6.RELEASE/spring-aspects-3.2.6.RELEASE.jar:/home/acascante/.m2/repository/mysql/mysql-connector-java/5.1.18/mysql-connector-java-5.1.18.jar:/home/acascante/.m2/repository/org/hibernate/hibernate-core/4.3.6.Final/hibernate-core-4.3.6.Final.jar:/home/acascante/.m2/repository/org/hibernate/hibernate-entitymanager/4.3.6.Final/hibernate-entitymanager-4.3.6.Final.jar:/home/acascante/.m2/repository/org/hibernate/javax/persistence/hibernate-jpa-2.1-api/1.0.0.Final/hibernate-jpa-2.1-api-1.0.0.Final.jar:/home/acascante/.m2/repository/commons-collections/commons-collections/3.2.1/commons-collections-3.2.1.jar:/home/acascante/.m2/repository/org/hibernate/hibernate-validator/4.3.2.Final/hibernate-validator-4.3.2.Final.jar:/home/acascante/.m2/repository/javax/validation/validation-api/1.0.0.GA/validation-api-1.0.0.GA.jar:/home/acascante/.m2/repository/javax/transaction/jta/1.1/jta-1.1.jar:/home/acascante/.m2/repository/org/springframework/spring-jdbc/3.2.6.RELEASE/spring-jdbc-3.2.6.RELEASE.jar:/home/acascante/.m2/repository/org/springframework/spring-orm/3.2.6.RELEASE/spring-orm-3.2.6.RELEASE.jar:/home/acascante/.m2/repository/commons-pool/commons-pool/1.5.6/commons-pool-1.5.6.jar:/home/acascante/.m2/repository/commons-dbcp/commons-dbcp/1.4/commons-dbcp-1.4.jar:/home/acascante/.m2/repository/org/springframework/spring-webmvc/3.2.6.RELEASE/spring-webmvc-3.2.6.RELEASE.jar:/home/acascante/.m2/repository/org/springframework/webflow/spring-js-resources/2.2.1.RELEASE/spring-js-resources-2.2.1.RELEASE.jar:/home/acascante/.m2/repository/commons-digester/commons-digester/2.1/commons-digester-2.1.jar:/home/acascante/.m2/repository/commons-fileupload/commons-fileupload/1.2.2/commons-fileupload-1.2.2.jar:/home/acascante/.m2/repository/javax/servlet/jsp/jstl/jstl-api/1.2/jstl-api-1.2.jar:/home/acascante/.m2/repository/org/glassfish/web/jstl-impl/1.2/jstl-impl-1.2.jar:/home/acascante/.m2/repository/javax/el/el-api/2.2/el-api-2.2.jar:/home/acascante/.m2/repository/joda-time/joda-time/1.6/joda-time-1.6.jar:/home/acascante/.m2/repository/javax/servlet/jsp/jsp-api/2.1/jsp-api-2.1.jar:/home/acascante/.m2/repository/commons-codec/commons-codec/1.5/commons-codec-1.5.jar:/home/acascante/.m2/repository/org/apache/tiles/tiles-jsp/2.2.2/tiles-jsp-2.2.2.jar:/home/acascante/.m2/repository/org/springframework/security/spring-security-core/3.1.0.RELEASE/spring-security-core-3.1.0.RELEASE.jar:/home/acascante/.m2/repository/org/springframework/security/spring-security-config/3.1.0.RELEASE/spring-security-config-3.1.0.RELEASE.jar:/home/acascante/.m2/repository/org/springframework/security/spring-security-web/3.1.0.RELEASE/spring-security-web-3.1.0.RELEASE.jar:/home/acascante/.m2/repository/org/springframework/security/spring-security-taglibs/3.1.0.RELEASE/spring-security-taglibs-3.1.0.RELEASE.jar:/home/acascante/.m2/repository/javax/mail/mail/1.4/mail-1.4.jar:/home/acascante/.m2/repository/commons-io/commons-io/2.4/commons-io-2.4.jar:/home/acascante/.m2/repository/org/springframework/spring-beans/3.2.6.RELEASE/spring-beans-3.2.6.RELEASE.jar:/home/acascante/.m2/repository/org/springframework/spring-expression/3.2.6.RELEASE/spring-expression-3.2.6.RELEASE.jar:/home/acascante/.m2/repository/aopalliance/aopalliance/1.0/aopalliance-1.0.jar:/home/acascante/.m2/repository/org/springframework/spring-context-support/3.2.6.RELEASE/spring-context-support-3.2.6.RELEASE.jar:/home/acascante/.m2/repository/org/jboss/logging/jboss-logging/3.1.3.GA/jboss-logging-3.1.3.GA.jar:/home/acascante/.m2/repository/org/jboss/logging/jboss-logging-annotations/1.2.0.Beta1/jboss-logging-annotations-1.2.0.Beta1.jar:/home/acascante/.m2/repository/org/jboss/spec/javax/transaction/jboss-transaction-api_1.2_spec/1.0.0.Final/jboss-transaction-api_1.2_spec-1.0.0.Final.jar:/home/acascante/.m2/repository/dom4j/dom4j/1.6.1/dom4j-1.6.1.jar:/home/acascante/.m2/repository/xml-apis/xml-apis/1.0.b2/xml-apis-1.0.b2.jar:/home/acascante/.m2/repository/org/hibernate/common/hibernate-commons-annotations/4.0.5.Final/hibernate-commons-annotations-4.0.5.Final.jar:/home/acascante/.m2/repository/org/javassist/javassist/3.18.1-GA/javassist-3.18.1-GA.jar:/home/acascante/.m2/repository/antlr/antlr/2.7.7/antlr-2.7.7.jar:/home/acascante/.m2/repository/org/jboss/jandex/1.1.0.Final/jandex-1.1.0.Final.jar:/home/acascante/.m2/repository/org/springframework/spring-tx/3.2.6.RELEASE/spring-tx-3.2.6.RELEASE.jar:/home/acascante/.m2/repository/org/springframework/spring-web/3.2.6.RELEASE/spring-web-3.2.6.RELEASE.jar:/home/acascante/.m2/repository/commons-beanutils/commons-beanutils/1.8.3/commons-beanutils-1.8.3.jar:/home/acascante/.m2/repository/org/apache/tiles/tiles-servlet/2.2.2/tiles-servlet-2.2.2.jar:/home/acascante/.m2/repository/org/apache/tiles/tiles-core/2.2.2/tiles-core-2.2.2.jar:/home/acascante/.m2/repository/org/apache/tiles/tiles-template/2.2.2/tiles-template-2.2.2.jar:/home/acascante/.m2/repository/org/apache/tiles/tiles-api/2.2.2/tiles-api-2.2.2.jar:/home/acascante/.m2/repository/org/springframework/security/spring-security-crypto/3.1.0.RELEASE/spring-security-crypto-3.1.0.RELEASE.jar:/home/acascante/.m2/repository/org/springframework/security/spring-security-acl/3.1.0.RELEASE/spring-security-acl-3.1.0.RELEASE.jar:/home/acascante/.m2/repository/javax/activation/activation/1.1/activation-1.1.jar:/home/acascante/Development/workspaces/LACLAD_PRD/lacladPRD/target/classes
-aspectpath
/home/acascante/.m2/repository/org/springframework/spring-aspects/3.2.6.RELEASE/spring-aspects-3.2.6.RELEASE.jar
-d
/home/acascante/Development/workspaces/LACLAD_PRD/lacladPRD/target/classes
/home/acascante/Development/workspaces/LACLAD_PRD/lacladPRD/src/main/java/com/cyu/laclad/web/command/TeacherCommand.java
/home/acascante/Development/workspaces/LACLAD_PRD/lacladPRD/src/main/java/com/cyu/laclad/web/command/EntityCommand.java
/home/acascante/Development/workspaces/LACLAD_PRD/lacladPRD/src/main/java/com/cyu/laclad/web/controller/IdiomController.java
/home/acascante/Development/workspaces/LACLAD_PRD/lacladPRD/src/main/java/com/cyu/laclad/web/controller/IdiomController_Roo_Controller.aj
/home/acascante/Development/workspaces/LACLAD_PRD/lacladPRD/src/main/java/com/cyu/laclad/web/controller/LocationController_Roo_Controller.aj
/home/acascante/Development/workspaces/LACLAD_PRD/lacladPRD/src/main/java/com/cyu/laclad/web/controller/ApplicationConversionServiceFactoryBean.java
/home/acascante/Development/workspaces/LACLAD_PRD/lacladPRD/src/main/java/com/cyu/laclad/web/controller/TeacherController_Roo_Controller.aj
/home/acascante/Development/workspaces/LACLAD_PRD/lacladPRD/src/main/java/com/cyu/laclad/web/controller/LocationController.java
/home/acascante/Development/workspaces/LACLAD_PRD/lacladPRD/src/main/java/com/cyu/laclad/web/controller/ApplicationConversionServiceFactoryBean_Roo_ConversionService.aj
/home/acascante/Development/workspaces/LACLAD_PRD/lacladPRD/src/main/java/com/cyu/laclad/web/controller/TeacherController.java
/home/acascante/Development/workspaces/LACLAD_PRD/lacladPRD/src/main/java/com/cyu/laclad/enums/DirectionType.java
/home/acascante/Development/workspaces/LACLAD_PRD/lacladPRD/src/main/java/com/cyu/laclad/enums/UserType.java
/home/acascante/Development/workspaces/LACLAD_PRD/lacladPRD/src/main/java/com/cyu/laclad/enums/Gender.java
/home/acascante/Development/workspaces/LACLAD_PRD/lacladPRD/src/main/java/com/cyu/laclad/enums/Status.java
/home/acascante/Development/workspaces/LACLAD_PRD/lacladPRD/src/main/java/com/cyu/laclad/enums/QuizType.java
/home/acascante/Development/workspaces/LACLAD_PRD/lacladPRD/src/main/java/com/cyu/laclad/domain/Company.java
/home/acascante/Development/workspaces/LACLAD_PRD/lacladPRD/src/main/java/com/cyu/laclad/domain/ClassGroup_Roo_JavaBean.aj
/home/acascante/Development/workspaces/LACLAD_PRD/lacladPRD/src/main/java/com/cyu/laclad/domain/QuizStudent_Roo_JavaBean.aj
/home/acascante/Development/workspaces/LACLAD_PRD/lacladPRD/src/main/java/com/cyu/laclad/domain/QuizResponse_Roo_ToString.aj
/home/acascante/Development/workspaces/LACLAD_PRD/lacladPRD/src/main/java/com/cyu/laclad/domain/QuizResponse_Roo_Jpa_ActiveRecord.aj
/home/acascante/Development/workspaces/LACLAD_PRD/lacladPRD/src/main/java/com/cyu/laclad/domain/Teacher.java
/home/acascante/Development/workspaces/LACLAD_PRD/lacladPRD/src/main/java/com/cyu/laclad/domain/Entity_Roo_Jpa_ActiveRecord.aj
/home/acascante/Development/workspaces/LACLAD_PRD/lacladPRD/src/main/java/com/cyu/laclad/domain/QuizChoice_Roo_ToString.aj
/home/acascante/Development/workspaces/LACLAD_PRD/lacladPRD/src/main/java/com/cyu/laclad/domain/QuizChoice_Roo_Jpa_Entity.aj
/home/acascante/Development/workspaces/LACLAD_PRD/lacladPRD/src/main/java/com/cyu/laclad/domain/ClassStudent_Roo_ToString.aj
/home/acascante/Development/workspaces/LACLAD_PRD/lacladPRD/src/main/java/com/cyu/laclad/domain/Location_Roo_Configurable.aj
/home/acascante/Development/workspaces/LACLAD_PRD/lacladPRD/src/main/java/com/cyu/laclad/domain/Student_Roo_ToString.aj
/home/acascante/Development/workspaces/LACLAD_PRD/lacladPRD/src/main/java/com/cyu/laclad/domain/QuizStudent_Roo_Jpa_ActiveRecord.aj
/home/acascante/Development/workspaces/LACLAD_PRD/lacladPRD/src/main/java/com/cyu/laclad/domain/ClassStudent_Roo_Jpa_ActiveRecord.aj
/home/acascante/Development/workspaces/LACLAD_PRD/lacladPRD/src/main/java/com/cyu/laclad/domain/Entity_Roo_Jpa_Entity.aj
/home/acascante/Development/workspaces/LACLAD_PRD/lacladPRD/src/main/java/com/cyu/laclad/domain/ClassGroup_Roo_Configurable.aj
/home/acascante/Development/workspaces/LACLAD_PRD/lacladPRD/src/main/java/com/cyu/laclad/domain/QuizStudent_Roo_Jpa_Entity.aj
/home/acascante/Development/workspaces/LACLAD_PRD/lacladPRD/src/main/java/com/cyu/laclad/domain/Entity.java
/home/acascante/Development/workspaces/LACLAD_PRD/lacladPRD/src/main/java/com/cyu/laclad/domain/Direction.java
/home/acascante/Development/workspaces/LACLAD_PRD/lacladPRD/src/main/java/com/cyu/laclad/domain/Quiz_Roo_Jpa_ActiveRecord.aj
/home/acascante/Development/workspaces/LACLAD_PRD/lacladPRD/src/main/java/com/cyu/laclad/domain/ClassGroup_Roo_ToString.aj
/home/acascante/Development/workspaces/LACLAD_PRD/lacladPRD/src/main/java/com/cyu/laclad/domain/JuridicPerson_Roo_ToString.aj
/home/acascante/Development/workspaces/LACLAD_PRD/lacladPRD/src/main/java/com/cyu/laclad/domain/Idiom_Roo_Jpa_Entity.aj
/home/acascante/Development/workspaces/LACLAD_PRD/lacladPRD/src/main/java/com/cyu/laclad/domain/JuridicPerson_Roo_Configurable.aj
/home/acascante/Development/workspaces/LACLAD_PRD/lacladPRD/src/main/java/com/cyu/laclad/domain/Company_Roo_JavaBean.aj
/home/acascante/Development/workspaces/LACLAD_PRD/lacladPRD/src/main/java/com/cyu/laclad/domain/Direction_Roo_Configurable.aj
/home/acascante/Development/workspaces/LACLAD_PRD/lacladPRD/src/main/java/com/cyu/laclad/domain/ClassGroup.java
/home/acascante/Development/workspaces/LACLAD_PRD/lacladPRD/src/main/java/com/cyu/laclad/domain/PhysicalPerson_Roo_ToString.aj
/home/acascante/Development/workspaces/LACLAD_PRD/lacladPRD/src/main/java/com/cyu/laclad/domain/Person_Roo_ToString.aj
/home/acascante/Development/workspaces/LACLAD_PRD/lacladPRD/src/main/java/com/cyu/laclad/domain/Admin_Roo_JavaBean.aj
/home/acascante/Development/workspaces/LACLAD_PRD/lacladPRD/src/main/java/com/cyu/laclad/domain/Quiz_Roo_Jpa_Entity.aj
/home/acascante/Development/workspaces/LACLAD_PRD/lacladPRD/src/main/java/com/cyu/laclad/domain/Admin.java
/home/acascante/Development/workspaces/LACLAD_PRD/lacladPRD/src/main/java/com/cyu/laclad/domain/Admin_Roo_ToString.aj
/home/acascante/Development/workspaces/LACLAD_PRD/lacladPRD/src/main/java/com/cyu/laclad/domain/Idiom_Roo_Configurable.aj
/home/acascante/Development/workspaces/LACLAD_PRD/lacladPRD/src/main/java/com/cyu/laclad/domain/QuizStudent_Roo_Configurable.aj
/home/acascante/Development/workspaces/LACLAD_PRD/lacladPRD/src/main/java/com/cyu/laclad/domain/Direction_Roo_Jpa_Entity.aj
/home/acascante/Development/workspaces/LACLAD_PRD/lacladPRD/src/main/java/com/cyu/laclad/domain/Teacher_Roo_Jpa_ActiveRecord.aj
/home/acascante/Development/workspaces/LACLAD_PRD/lacladPRD/src/main/java/com/cyu/laclad/domain/Company_Roo_ToString.aj
/home/acascante/Development/workspaces/LACLAD_PRD/lacladPRD/src/main/java/com/cyu/laclad/domain/ClassGroup_Roo_Jpa_Entity.aj
/home/acascante/Development/workspaces/LACLAD_PRD/lacladPRD/src/main/java/com/cyu/laclad/domain/Idiom_Roo_ToString.aj
/home/acascante/Development/workspaces/LACLAD_PRD/lacladPRD/src/main/java/com/cyu/laclad/domain/SystemUser_Roo_ToString.aj
/home/acascante/Development/workspaces/LACLAD_PRD/lacladPRD/src/main/java/com/cyu/laclad/domain/PhysicalPerson_Roo_Configurable.aj
/home/acascante/Development/workspaces/LACLAD_PRD/lacladPRD/src/main/java/com/cyu/laclad/domain/Idiom_Roo_JavaBean.aj
/home/acascante/Development/workspaces/LACLAD_PRD/lacladPRD/src/main/java/com/cyu/laclad/domain/Contact_Roo_JavaBean.aj
/home/acascante/Development/workspaces/LACLAD_PRD/lacladPRD/src/main/java/com/cyu/laclad/domain/Admin_Roo_Configurable.aj
/home/acascante/Development/workspaces/LACLAD_PRD/lacladPRD/src/main/java/com/cyu/laclad/domain/Student_Roo_Configurable.aj
/home/acascante/Development/workspaces/LACLAD_PRD/lacladPRD/src/main/java/com/cyu/laclad/domain/QuizQuestion.java
/home/acascante/Development/workspaces/LACLAD_PRD/lacladPRD/src/main/java/com/cyu/laclad/domain/Person_Roo_Jpa_Entity.aj
/home/acascante/Development/workspaces/LACLAD_PRD/lacladPRD/src/main/java/com/cyu/laclad/domain/Quiz_Roo_ToString.aj
/home/acascante/Development/workspaces/LACLAD_PRD/lacladPRD/src/main/java/com/cyu/laclad/domain/Entity_Roo_Configurable.aj
/home/acascante/Development/workspaces/LACLAD_PRD/lacladPRD/src/main/java/com/cyu/laclad/domain/Location_Roo_JavaBean.aj
/home/acascante/Development/workspaces/LACLAD_PRD/lacladPRD/src/main/java/com/cyu/laclad/domain/Location.java
/home/acascante/Development/workspaces/LACLAD_PRD/lacladPRD/src/main/java/com/cyu/laclad/domain/QuizQuestion_Roo_Jpa_ActiveRecord.aj
/home/acascante/Development/workspaces/LACLAD_PRD/lacladPRD/src/main/java/com/cyu/laclad/domain/Admin_Roo_Jpa_Entity.aj
/home/acascante/Development/workspaces/LACLAD_PRD/lacladPRD/src/main/java/com/cyu/laclad/domain/PhysicalPerson_Roo_Jpa_ActiveRecord.aj
/home/acascante/Development/workspaces/LACLAD_PRD/lacladPRD/src/main/java/com/cyu/laclad/domain/PhysicalPerson_Roo_JavaBean.aj
/home/acascante/Development/workspaces/LACLAD_PRD/lacladPRD/src/main/java/com/cyu/laclad/domain/Admin_Roo_Jpa_ActiveRecord.aj
/home/acascante/Development/workspaces/LACLAD_PRD/lacladPRD/src/main/java/com/cyu/laclad/domain/Person_Roo_Jpa_ActiveRecord.aj
/home/acascante/Development/workspaces/LACLAD_PRD/lacladPRD/src/main/java/com/cyu/laclad/domain/Contact_Roo_Jpa_Entity.aj
/home/acascante/Development/workspaces/LACLAD_PRD/lacladPRD/src/main/java/com/cyu/laclad/domain/QuizStudent.java
/home/acascante/Development/workspaces/LACLAD_PRD/lacladPRD/src/main/java/com/cyu/laclad/domain/ClassStudent_Roo_Configurable.aj
/home/acascante/Development/workspaces/LACLAD_PRD/lacladPRD/src/main/java/com/cyu/laclad/domain/Direction_Roo_Jpa_ActiveRecord.aj
/home/acascante/Development/workspaces/LACLAD_PRD/lacladPRD/src/main/java/com/cyu/laclad/domain/Teacher_Roo_JavaBean.aj
/home/acascante/Development/workspaces/LACLAD_PRD/lacladPRD/src/main/java/com/cyu/laclad/domain/Contact.java
/home/acascante/Development/workspaces/LACLAD_PRD/lacladPRD/src/main/java/com/cyu/laclad/domain/SystemUser.java
/home/acascante/Development/workspaces/LACLAD_PRD/lacladPRD/src/main/java/com/cyu/laclad/domain/Student_Roo_Jpa_ActiveRecord.aj
/home/acascante/Development/workspaces/LACLAD_PRD/lacladPRD/src/main/java/com/cyu/laclad/domain/Teacher_Roo_ToString.aj
/home/acascante/Development/workspaces/LACLAD_PRD/lacladPRD/src/main/java/com/cyu/laclad/domain/QuizResponse.java
/home/acascante/Development/workspaces/LACLAD_PRD/lacladPRD/src/main/java/com/cyu/laclad/domain/Person_Roo_JavaBean.aj
/home/acascante/Development/workspaces/LACLAD_PRD/lacladPRD/src/main/java/com/cyu/laclad/domain/Contact_Roo_ToString.aj
/home/acascante/Development/workspaces/LACLAD_PRD/lacladPRD/src/main/java/com/cyu/laclad/domain/Location_Roo_Jpa_ActiveRecord.aj
/home/acascante/Development/workspaces/LACLAD_PRD/lacladPRD/src/main/java/com/cyu/laclad/domain/Direction_Roo_JavaBean.aj
/home/acascante/Development/workspaces/LACLAD_PRD/lacladPRD/src/main/java/com/cyu/laclad/domain/Person_Roo_Configurable.aj
/home/acascante/Development/workspaces/LACLAD_PRD/lacladPRD/src/main/java/com/cyu/laclad/domain/Student_Roo_Jpa_Entity.aj
/home/acascante/Development/workspaces/LACLAD_PRD/lacladPRD/src/main/java/com/cyu/laclad/domain/Entity_Roo_Serializable.aj
/home/acascante/Development/workspaces/LACLAD_PRD/lacladPRD/src/main/java/com/cyu/laclad/domain/QuizQuestion_Roo_Configurable.aj
/home/acascante/Development/workspaces/LACLAD_PRD/lacladPRD/src/main/java/com/cyu/laclad/domain/Idiom_Roo_Jpa_ActiveRecord.aj
/home/acascante/Development/workspaces/LACLAD_PRD/lacladPRD/src/main/java/com/cyu/laclad/domain/Location_Roo_ToString.aj
/home/acascante/Development/workspaces/LACLAD_PRD/lacladPRD/src/main/java/com/cyu/laclad/domain/SystemUser_Roo_Jpa_Entity.aj
/home/acascante/Development/workspaces/LACLAD_PRD/lacladPRD/src/main/java/com/cyu/laclad/domain/SystemUser_Roo_JavaBean.aj
/home/acascante/Development/workspaces/LACLAD_PRD/lacladPRD/src/main/java/com/cyu/laclad/domain/QuizStudent_Roo_ToString.aj
/home/acascante/Development/workspaces/LACLAD_PRD/lacladPRD/src/main/java/com/cyu/laclad/domain/Company_Roo_Jpa_ActiveRecord.aj
/home/acascante/Development/workspaces/LACLAD_PRD/lacladPRD/src/main/java/com/cyu/laclad/domain/QuizChoice_Roo_Jpa_ActiveRecord.aj
/home/acascante/Development/workspaces/LACLAD_PRD/lacladPRD/src/main/java/com/cyu/laclad/domain/Student.java
/home/acascante/Development/workspaces/LACLAD_PRD/lacladPRD/src/main/java/com/cyu/laclad/domain/Entity_Roo_ToString.aj
/home/acascante/Development/workspaces/LACLAD_PRD/lacladPRD/src/main/java/com/cyu/laclad/domain/QuizQuestion_Roo_Jpa_Entity.aj
/home/acascante/Development/workspaces/LACLAD_PRD/lacladPRD/src/main/java/com/cyu/laclad/domain/Company_Roo_Jpa_Entity.aj
/home/acascante/Development/workspaces/LACLAD_PRD/lacladPRD/src/main/java/com/cyu/laclad/domain/Direction_Roo_ToString.aj
/home/acascante/Development/workspaces/LACLAD_PRD/lacladPRD/src/main/java/com/cyu/laclad/domain/Student_Roo_JavaBean.aj
/home/acascante/Development/workspaces/LACLAD_PRD/lacladPRD/src/main/java/com/cyu/laclad/domain/Teacher_Roo_Configurable.aj
/home/acascante/Development/workspaces/LACLAD_PRD/lacladPRD/src/main/java/com/cyu/laclad/domain/Teacher_Roo_Jpa_Entity.aj
/home/acascante/Development/workspaces/LACLAD_PRD/lacladPRD/src/main/java/com/cyu/laclad/domain/SystemUser_Roo_Jpa_ActiveRecord.aj
/home/acascante/Development/workspaces/LACLAD_PRD/lacladPRD/src/main/java/com/cyu/laclad/domain/Idiom.java
/home/acascante/Development/workspaces/LACLAD_PRD/lacladPRD/src/main/java/com/cyu/laclad/domain/ClassStudent_Roo_Jpa_Entity.aj
/home/acascante/Development/workspaces/LACLAD_PRD/lacladPRD/src/main/java/com/cyu/laclad/domain/Location_Roo_Jpa_Entity.aj
/home/acascante/Development/workspaces/LACLAD_PRD/lacladPRD/src/main/java/com/cyu/laclad/domain/Contact_Roo_Jpa_ActiveRecord.aj
/home/acascante/Development/workspaces/LACLAD_PRD/lacladPRD/src/main/java/com/cyu/laclad/domain/JuridicPerson.java
/home/acascante/Development/workspaces/LACLAD_PRD/lacladPRD/src/main/java/com/cyu/laclad/domain/QuizQuestion_Roo_JavaBean.aj
/home/acascante/Development/workspaces/LACLAD_PRD/lacladPRD/src/main/java/com/cyu/laclad/domain/QuizChoice_Roo_JavaBean.aj
/home/acascante/Development/workspaces/LACLAD_PRD/lacladPRD/src/main/java/com/cyu/laclad/domain/Quiz_Roo_Configurable.aj
/home/acascante/Development/workspaces/LACLAD_PRD/lacladPRD/src/main/java/com/cyu/laclad/domain/ClassStudent.java
/home/acascante/Development/workspaces/LACLAD_PRD/lacladPRD/src/main/java/com/cyu/laclad/domain/QuizChoice.java
/home/acascante/Development/workspaces/LACLAD_PRD/lacladPRD/src/main/java/com/cyu/laclad/domain/Quiz.java
/home/acascante/Development/workspaces/LACLAD_PRD/lacladPRD/src/main/java/com/cyu/laclad/domain/SystemUser_Roo_Configurable.aj
/home/acascante/Development/workspaces/LACLAD_PRD/lacladPRD/src/main/java/com/cyu/laclad/domain/QuizResponse_Roo_Jpa_Entity.aj
/home/acascante/Development/workspaces/LACLAD_PRD/lacladPRD/src/main/java/com/cyu/laclad/domain/Person.java
/home/acascante/Development/workspaces/LACLAD_PRD/lacladPRD/src/main/java/com/cyu/laclad/domain/Quiz_Roo_JavaBean.aj
/home/acascante/Development/workspaces/LACLAD_PRD/lacladPRD/src/main/java/com/cyu/laclad/domain/QuizQuestion_Roo_ToString.aj
/home/acascante/Development/workspaces/LACLAD_PRD/lacladPRD/src/main/java/com/cyu/laclad/domain/QuizChoice_Roo_Configurable.aj
/home/acascante/Development/workspaces/LACLAD_PRD/lacladPRD/src/main/java/com/cyu/laclad/domain/ClassGroup_Roo_Jpa_ActiveRecord.aj
/home/acascante/Development/workspaces/LACLAD_PRD/lacladPRD/src/main/java/com/cyu/laclad/domain/JuridicPerson_Roo_Jpa_ActiveRecord.aj
/home/acascante/Development/workspaces/LACLAD_PRD/lacladPRD/src/main/java/com/cyu/laclad/domain/PhysicalPerson.java
/home/acascante/Development/workspaces/LACLAD_PRD/lacladPRD/src/main/java/com/cyu/laclad/domain/PhysicalPerson_Roo_Jpa_Entity.aj
/home/acascante/Development/workspaces/LACLAD_PRD/lacladPRD/src/main/java/com/cyu/laclad/domain/Contact_Roo_Configurable.aj
/home/acascante/Development/workspaces/LACLAD_PRD/lacladPRD/src/main/java/com/cyu/laclad/domain/QuizResponse_Roo_Configurable.aj
/home/acascante/Development/workspaces/LACLAD_PRD/lacladPRD/src/main/java/com/cyu/laclad/domain/QuizResponse_Roo_JavaBean.aj
/home/acascante/Development/workspaces/LACLAD_PRD/lacladPRD/src/main/java/com/cyu/laclad/domain/Company_Roo_Configurable.aj
/home/acascante/Development/workspaces/LACLAD_PRD/lacladPRD/src/main/java/com/cyu/laclad/domain/JuridicPerson_Roo_Jpa_Entity.aj
/home/acascante/Development/workspaces/LACLAD_PRD/lacladPRD/src/main/java/com/cyu/laclad/domain/JuridicPerson_Roo_JavaBean.aj
/home/acascante/Development/workspaces/LACLAD_PRD/lacladPRD/src/main/java/com/cyu/laclad/utils/LacladUtils.java
